Connecting to database specified by database.yml
Started GET "/" for 127.0.0.1 at 2013-02-19 16:15:54 +0100

ActiveRecord::StatementInvalid (Could not find table 'sessions'):
  activerecord (3.2.11) lib/active_record/connection_adapters/sqlite_adapter.rb:472:in `table_structure'
  activerecord (3.2.11) lib/active_record/connection_adapters/sqlite_adapter.rb:346:in `columns'
  activerecord (3.2.11) lib/active_record/connection_adapters/schema_cache.rb:12:in `block in initialize'
  activerecord (3.2.11) lib/active_record/model_schema.rb:228:in `yield'
  activerecord (3.2.11) lib/active_record/model_schema.rb:228:in `default'
  activerecord (3.2.11) lib/active_record/model_schema.rb:228:in `columns'
  activerecord (3.2.11) lib/active_record/model_schema.rb:237:in `columns_hash'
  activerecord (3.2.11) lib/active_record/session_store.rb:113:in `setup_sessid_compatibility!'
  activerecord (3.2.11) lib/active_record/session_store.rb:100:in `find_by_session_id'
  activerecord (3.2.11) lib/active_record/session_store.rb:308:in `block in get_session'
  activesupport (3.2.11) lib/active_support/benchmarkable.rb:50:in `silence'
  activerecord (3.2.11) lib/active_record/session_store.rb:307:in `get_session'
  rack (1.4.4) lib/rack/session/abstract/id.rb:251:in `load_session'
  actionpack (3.2.11) lib/action_dispatch/middleware/session/abstract_store.rb:49:in `block in load_session'
  actionpack (3.2.11) lib/action_dispatch/middleware/session/abstract_store.rb:57:in `stale_session_check!'
  actionpack (3.2.11) lib/action_dispatch/middleware/session/abstract_store.rb:49:in `load_session'
  rack (1.4.4) lib/rack/session/abstract/id.rb:135:in `load!'
  rack (1.4.4) lib/rack/session/abstract/id.rb:127:in `load_for_read!'
  rack (1.4.4) lib/rack/session/abstract/id.rb:64:in `has_key?'
  actionpack (3.2.11) lib/action_dispatch/middleware/flash.rb:258:in `ensure in call'
  actionpack (3.2.11) lib/action_dispatch/middleware/flash.rb:259:in `call'
  rack (1.4.4) lib/rack/session/abstract/id.rb:210:in `context'
  rack (1.4.4) lib/rack/session/abstract/id.rb:205:in `call'
  actionpack (3.2.11) lib/action_dispatch/middleware/cookies.rb:341:in `call'
  activerecord (3.2.11) lib/active_record/query_cache.rb:64:in `call'
  activerecord (3.2.11) lib/active_record/connection_adapters/abstract/connection_pool.rb:479:in `call'
  actionpack (3.2.11) lib/action_dispatch/middleware/callbacks.rb:28:in `block in call'
  activesupport (3.2.11) lib/active_support/callbacks.rb:405:in `_run__3187529010498733994__call__4167222494850166295__callbacks'
  activesupport (3.2.11) lib/active_support/callbacks.rb:405:in `__run_callback'
  activesupport (3.2.11) lib/active_support/callbacks.rb:385:in `_run_call_callbacks'
  activesupport (3.2.11) lib/active_support/callbacks.rb:81:in `run_callbacks'
  actionpack (3.2.11) lib/action_dispatch/middleware/callbacks.rb:27:in `call'
  actionpack (3.2.11) lib/action_dispatch/middleware/remote_ip.rb:31:in `call'
  actionpack (3.2.11) lib/action_dispatch/middleware/debug_exceptions.rb:16:in `call'
  actionpack (3.2.11) lib/action_dispatch/middleware/show_exceptions.rb:56:in `call'
  railties (3.2.11) lib/rails/rack/logger.rb:32:in `call_app'
  railties (3.2.11) lib/rails/rack/logger.rb:16:in `block in call'
  activesupport (3.2.11) lib/active_support/tagged_logging.rb:22:in `tagged'
  railties (3.2.11) lib/rails/rack/logger.rb:16:in `call'
  actionpack (3.2.11) lib/action_dispatch/middleware/request_id.rb:22:in `call'
  rack (1.4.4) lib/rack/methodoverride.rb:21:in `call'
  rack (1.4.4) lib/rack/runtime.rb:17:in `call'
  activesupport (3.2.11) lib/active_support/cache/strategy/local_cache.rb:72:in `call'
  rack (1.4.4) lib/rack/lock.rb:15:in `call'
  rack-cache (1.2) lib/rack/cache/context.rb:136:in `forward'
  rack-cache (1.2) lib/rack/cache/context.rb:245:in `fetch'
  rack-cache (1.2) lib/rack/cache/context.rb:185:in `lookup'
  rack-cache (1.2) lib/rack/cache/context.rb:66:in `call!'
  rack-cache (1.2) lib/rack/cache/context.rb:51:in `call'
  railties (3.2.11) lib/rails/engine.rb:479:in `call'
  railties (3.2.11) lib/rails/application.rb:223:in `call'
  rack (1.4.4) lib/rack/content_length.rb:14:in `call'
  railties (3.2.11) lib/rails/rack/log_tailer.rb:17:in `call'
  rack (1.4.4) lib/rack/handler/webrick.rb:59:in `service'
  /Users/cu/.rvm/rubies/ruby-1.9.3-p374/lib/ruby/1.9.1/webrick/httpserver.rb:138:in `service'
  /Users/cu/.rvm/rubies/ruby-1.9.3-p374/lib/ruby/1.9.1/webrick/httpserver.rb:94:in `run'
  /Users/cu/.rvm/rubies/ruby-1.9.3-p374/lib/ruby/1.9.1/webrick/server.rb:191:in `block in start_thread'


Started GET "/" for 127.0.0.1 at 2013-02-19 16:16:02 +0100

ActiveRecord::StatementInvalid (Could not find table 'sessions'):
  activerecord (3.2.11) lib/active_record/connection_adapters/sqlite_adapter.rb:472:in `table_structure'
  activerecord (3.2.11) lib/active_record/connection_adapters/sqlite_adapter.rb:346:in `columns'
  activerecord (3.2.11) lib/active_record/connection_adapters/schema_cache.rb:12:in `block in initialize'
  activerecord (3.2.11) lib/active_record/model_schema.rb:228:in `yield'
  activerecord (3.2.11) lib/active_record/model_schema.rb:228:in `default'
  activerecord (3.2.11) lib/active_record/model_schema.rb:228:in `columns'
  activerecord (3.2.11) lib/active_record/model_schema.rb:237:in `columns_hash'
  activerecord (3.2.11) lib/active_record/session_store.rb:113:in `setup_sessid_compatibility!'
  activerecord (3.2.11) lib/active_record/session_store.rb:100:in `find_by_session_id'
  activerecord (3.2.11) lib/active_record/session_store.rb:308:in `block in get_session'
  activesupport (3.2.11) lib/active_support/benchmarkable.rb:50:in `silence'
  activerecord (3.2.11) lib/active_record/session_store.rb:307:in `get_session'
  rack (1.4.4) lib/rack/session/abstract/id.rb:251:in `load_session'
  actionpack (3.2.11) lib/action_dispatch/middleware/session/abstract_store.rb:49:in `block in load_session'
  actionpack (3.2.11) lib/action_dispatch/middleware/session/abstract_store.rb:57:in `stale_session_check!'
  actionpack (3.2.11) lib/action_dispatch/middleware/session/abstract_store.rb:49:in `load_session'
  rack (1.4.4) lib/rack/session/abstract/id.rb:135:in `load!'
  rack (1.4.4) lib/rack/session/abstract/id.rb:127:in `load_for_read!'
  rack (1.4.4) lib/rack/session/abstract/id.rb:64:in `has_key?'
  actionpack (3.2.11) lib/action_dispatch/middleware/flash.rb:258:in `ensure in call'
  actionpack (3.2.11) lib/action_dispatch/middleware/flash.rb:259:in `call'
  rack (1.4.4) lib/rack/session/abstract/id.rb:210:in `context'
  rack (1.4.4) lib/rack/session/abstract/id.rb:205:in `call'
  actionpack (3.2.11) lib/action_dispatch/middleware/cookies.rb:341:in `call'
  activerecord (3.2.11) lib/active_record/query_cache.rb:64:in `call'
  activerecord (3.2.11) lib/active_record/connection_adapters/abstract/connection_pool.rb:479:in `call'
  actionpack (3.2.11) lib/action_dispatch/middleware/callbacks.rb:28:in `block in call'
  activesupport (3.2.11) lib/active_support/callbacks.rb:405:in `_run__3187529010498733994__call__4167222494850166295__callbacks'
  activesupport (3.2.11) lib/active_support/callbacks.rb:405:in `__run_callback'
  activesupport (3.2.11) lib/active_support/callbacks.rb:385:in `_run_call_callbacks'
  activesupport (3.2.11) lib/active_support/callbacks.rb:81:in `run_callbacks'
  actionpack (3.2.11) lib/action_dispatch/middleware/callbacks.rb:27:in `call'
  actionpack (3.2.11) lib/action_dispatch/middleware/remote_ip.rb:31:in `call'
  actionpack (3.2.11) lib/action_dispatch/middleware/debug_exceptions.rb:16:in `call'
  actionpack (3.2.11) lib/action_dispatch/middleware/show_exceptions.rb:56:in `call'
  railties (3.2.11) lib/rails/rack/logger.rb:32:in `call_app'
  railties (3.2.11) lib/rails/rack/logger.rb:16:in `block in call'
  activesupport (3.2.11) lib/active_support/tagged_logging.rb:22:in `tagged'
  railties (3.2.11) lib/rails/rack/logger.rb:16:in `call'
  actionpack (3.2.11) lib/action_dispatch/middleware/request_id.rb:22:in `call'
  rack (1.4.4) lib/rack/methodoverride.rb:21:in `call'
  rack (1.4.4) lib/rack/runtime.rb:17:in `call'
  activesupport (3.2.11) lib/active_support/cache/strategy/local_cache.rb:72:in `call'
  rack (1.4.4) lib/rack/lock.rb:15:in `call'
  rack-cache (1.2) lib/rack/cache/context.rb:136:in `forward'
  rack-cache (1.2) lib/rack/cache/context.rb:245:in `fetch'
  rack-cache (1.2) lib/rack/cache/context.rb:185:in `lookup'
  rack-cache (1.2) lib/rack/cache/context.rb:66:in `call!'
  rack-cache (1.2) lib/rack/cache/context.rb:51:in `call'
  railties (3.2.11) lib/rails/engine.rb:479:in `call'
  railties (3.2.11) lib/rails/application.rb:223:in `call'
  rack (1.4.4) lib/rack/content_length.rb:14:in `call'
  railties (3.2.11) lib/rails/rack/log_tailer.rb:17:in `call'
  rack (1.4.4) lib/rack/handler/webrick.rb:59:in `service'
  /Users/cu/.rvm/rubies/ruby-1.9.3-p374/lib/ruby/1.9.1/webrick/httpserver.rb:138:in `service'
  /Users/cu/.rvm/rubies/ruby-1.9.3-p374/lib/ruby/1.9.1/webrick/httpserver.rb:94:in `run'
  /Users/cu/.rvm/rubies/ruby-1.9.3-p374/lib/ruby/1.9.1/webrick/server.rb:191:in `block in start_thread'


Started GET "/projects" for 127.0.0.1 at 2013-02-19 16:16:08 +0100

ActiveRecord::StatementInvalid (Could not find table 'sessions'):
  activerecord (3.2.11) lib/active_record/connection_adapters/sqlite_adapter.rb:472:in `table_structure'
  activerecord (3.2.11) lib/active_record/connection_adapters/sqlite_adapter.rb:346:in `columns'
  activerecord (3.2.11) lib/active_record/connection_adapters/schema_cache.rb:12:in `block in initialize'
  activerecord (3.2.11) lib/active_record/model_schema.rb:228:in `yield'
  activerecord (3.2.11) lib/active_record/model_schema.rb:228:in `default'
  activerecord (3.2.11) lib/active_record/model_schema.rb:228:in `columns'
  activerecord (3.2.11) lib/active_record/model_schema.rb:237:in `columns_hash'
  activerecord (3.2.11) lib/active_record/session_store.rb:113:in `setup_sessid_compatibility!'
  activerecord (3.2.11) lib/active_record/session_store.rb:100:in `find_by_session_id'
  activerecord (3.2.11) lib/active_record/session_store.rb:308:in `block in get_session'
  activesupport (3.2.11) lib/active_support/benchmarkable.rb:50:in `silence'
  activerecord (3.2.11) lib/active_record/session_store.rb:307:in `get_session'
  rack (1.4.4) lib/rack/session/abstract/id.rb:251:in `load_session'
  actionpack (3.2.11) lib/action_dispatch/middleware/session/abstract_store.rb:49:in `block in load_session'
  actionpack (3.2.11) lib/action_dispatch/middleware/session/abstract_store.rb:57:in `stale_session_check!'
  actionpack (3.2.11) lib/action_dispatch/middleware/session/abstract_store.rb:49:in `load_session'
  rack (1.4.4) lib/rack/session/abstract/id.rb:135:in `load!'
  rack (1.4.4) lib/rack/session/abstract/id.rb:127:in `load_for_read!'
  rack (1.4.4) lib/rack/session/abstract/id.rb:64:in `has_key?'
  actionpack (3.2.11) lib/action_dispatch/middleware/flash.rb:258:in `ensure in call'
  actionpack (3.2.11) lib/action_dispatch/middleware/flash.rb:259:in `call'
  rack (1.4.4) lib/rack/session/abstract/id.rb:210:in `context'
  rack (1.4.4) lib/rack/session/abstract/id.rb:205:in `call'
  actionpack (3.2.11) lib/action_dispatch/middleware/cookies.rb:341:in `call'
  activerecord (3.2.11) lib/active_record/query_cache.rb:64:in `call'
  activerecord (3.2.11) lib/active_record/connection_adapters/abstract/connection_pool.rb:479:in `call'
  actionpack (3.2.11) lib/action_dispatch/middleware/callbacks.rb:28:in `block in call'
  activesupport (3.2.11) lib/active_support/callbacks.rb:405:in `_run__3187529010498733994__call__4167222494850166295__callbacks'
  activesupport (3.2.11) lib/active_support/callbacks.rb:405:in `__run_callback'
  activesupport (3.2.11) lib/active_support/callbacks.rb:385:in `_run_call_callbacks'
  activesupport (3.2.11) lib/active_support/callbacks.rb:81:in `run_callbacks'
  actionpack (3.2.11) lib/action_dispatch/middleware/callbacks.rb:27:in `call'
  actionpack (3.2.11) lib/action_dispatch/middleware/remote_ip.rb:31:in `call'
  actionpack (3.2.11) lib/action_dispatch/middleware/debug_exceptions.rb:16:in `call'
  actionpack (3.2.11) lib/action_dispatch/middleware/show_exceptions.rb:56:in `call'
  railties (3.2.11) lib/rails/rack/logger.rb:32:in `call_app'
  railties (3.2.11) lib/rails/rack/logger.rb:16:in `block in call'
  activesupport (3.2.11) lib/active_support/tagged_logging.rb:22:in `tagged'
  railties (3.2.11) lib/rails/rack/logger.rb:16:in `call'
  actionpack (3.2.11) lib/action_dispatch/middleware/request_id.rb:22:in `call'
  rack (1.4.4) lib/rack/methodoverride.rb:21:in `call'
  rack (1.4.4) lib/rack/runtime.rb:17:in `call'
  activesupport (3.2.11) lib/active_support/cache/strategy/local_cache.rb:72:in `call'
  rack (1.4.4) lib/rack/lock.rb:15:in `call'
  rack-cache (1.2) lib/rack/cache/context.rb:136:in `forward'
  rack-cache (1.2) lib/rack/cache/context.rb:245:in `fetch'
  rack-cache (1.2) lib/rack/cache/context.rb:185:in `lookup'
  rack-cache (1.2) lib/rack/cache/context.rb:66:in `call!'
  rack-cache (1.2) lib/rack/cache/context.rb:51:in `call'
  railties (3.2.11) lib/rails/engine.rb:479:in `call'
  railties (3.2.11) lib/rails/application.rb:223:in `call'
  rack (1.4.4) lib/rack/content_length.rb:14:in `call'
  railties (3.2.11) lib/rails/rack/log_tailer.rb:17:in `call'
  rack (1.4.4) lib/rack/handler/webrick.rb:59:in `service'
  /Users/cu/.rvm/rubies/ruby-1.9.3-p374/lib/ruby/1.9.1/webrick/httpserver.rb:138:in `service'
  /Users/cu/.rvm/rubies/ruby-1.9.3-p374/lib/ruby/1.9.1/webrick/httpserver.rb:94:in `run'
  /Users/cu/.rvm/rubies/ruby-1.9.3-p374/lib/ruby/1.9.1/webrick/server.rb:191:in `block in start_thread'


Started GET "/projects" for 127.0.0.1 at 2013-02-19 16:16:10 +0100

ActiveRecord::StatementInvalid (Could not find table 'sessions'):
  activerecord (3.2.11) lib/active_record/connection_adapters/sqlite_adapter.rb:472:in `table_structure'
  activerecord (3.2.11) lib/active_record/connection_adapters/sqlite_adapter.rb:346:in `columns'
  activerecord (3.2.11) lib/active_record/connection_adapters/schema_cache.rb:12:in `block in initialize'
  activerecord (3.2.11) lib/active_record/model_schema.rb:228:in `yield'
  activerecord (3.2.11) lib/active_record/model_schema.rb:228:in `default'
  activerecord (3.2.11) lib/active_record/model_schema.rb:228:in `columns'
  activerecord (3.2.11) lib/active_record/model_schema.rb:237:in `columns_hash'
  activerecord (3.2.11) lib/active_record/session_store.rb:113:in `setup_sessid_compatibility!'
  activerecord (3.2.11) lib/active_record/session_store.rb:100:in `find_by_session_id'
  activerecord (3.2.11) lib/active_record/session_store.rb:308:in `block in get_session'
  activesupport (3.2.11) lib/active_support/benchmarkable.rb:50:in `silence'
  activerecord (3.2.11) lib/active_record/session_store.rb:307:in `get_session'
  rack (1.4.4) lib/rack/session/abstract/id.rb:251:in `load_session'
  actionpack (3.2.11) lib/action_dispatch/middleware/session/abstract_store.rb:49:in `block in load_session'
  actionpack (3.2.11) lib/action_dispatch/middleware/session/abstract_store.rb:57:in `stale_session_check!'
  actionpack (3.2.11) lib/action_dispatch/middleware/session/abstract_store.rb:49:in `load_session'
  rack (1.4.4) lib/rack/session/abstract/id.rb:135:in `load!'
  rack (1.4.4) lib/rack/session/abstract/id.rb:127:in `load_for_read!'
  rack (1.4.4) lib/rack/session/abstract/id.rb:64:in `has_key?'
  actionpack (3.2.11) lib/action_dispatch/middleware/flash.rb:258:in `ensure in call'
  actionpack (3.2.11) lib/action_dispatch/middleware/flash.rb:259:in `call'
  rack (1.4.4) lib/rack/session/abstract/id.rb:210:in `context'
  rack (1.4.4) lib/rack/session/abstract/id.rb:205:in `call'
  actionpack (3.2.11) lib/action_dispatch/middleware/cookies.rb:341:in `call'
  activerecord (3.2.11) lib/active_record/query_cache.rb:64:in `call'
  activerecord (3.2.11) lib/active_record/connection_adapters/abstract/connection_pool.rb:479:in `call'
  actionpack (3.2.11) lib/action_dispatch/middleware/callbacks.rb:28:in `block in call'
  activesupport (3.2.11) lib/active_support/callbacks.rb:405:in `_run__3187529010498733994__call__4167222494850166295__callbacks'
  activesupport (3.2.11) lib/active_support/callbacks.rb:405:in `__run_callback'
  activesupport (3.2.11) lib/active_support/callbacks.rb:385:in `_run_call_callbacks'
  activesupport (3.2.11) lib/active_support/callbacks.rb:81:in `run_callbacks'
  actionpack (3.2.11) lib/action_dispatch/middleware/callbacks.rb:27:in `call'
  actionpack (3.2.11) lib/action_dispatch/middleware/remote_ip.rb:31:in `call'
  actionpack (3.2.11) lib/action_dispatch/middleware/debug_exceptions.rb:16:in `call'
  actionpack (3.2.11) lib/action_dispatch/middleware/show_exceptions.rb:56:in `call'
  railties (3.2.11) lib/rails/rack/logger.rb:32:in `call_app'
  railties (3.2.11) lib/rails/rack/logger.rb:16:in `block in call'
  activesupport (3.2.11) lib/active_support/tagged_logging.rb:22:in `tagged'
  railties (3.2.11) lib/rails/rack/logger.rb:16:in `call'
  actionpack (3.2.11) lib/action_dispatch/middleware/request_id.rb:22:in `call'
  rack (1.4.4) lib/rack/methodoverride.rb:21:in `call'
  rack (1.4.4) lib/rack/runtime.rb:17:in `call'
  activesupport (3.2.11) lib/active_support/cache/strategy/local_cache.rb:72:in `call'
  rack (1.4.4) lib/rack/lock.rb:15:in `call'
  rack-cache (1.2) lib/rack/cache/context.rb:136:in `forward'
  rack-cache (1.2) lib/rack/cache/context.rb:245:in `fetch'
  rack-cache (1.2) lib/rack/cache/context.rb:185:in `lookup'
  rack-cache (1.2) lib/rack/cache/context.rb:66:in `call!'
  rack-cache (1.2) lib/rack/cache/context.rb:51:in `call'
  railties (3.2.11) lib/rails/engine.rb:479:in `call'
  railties (3.2.11) lib/rails/application.rb:223:in `call'
  rack (1.4.4) lib/rack/content_length.rb:14:in `call'
  railties (3.2.11) lib/rails/rack/log_tailer.rb:17:in `call'
  rack (1.4.4) lib/rack/handler/webrick.rb:59:in `service'
  /Users/cu/.rvm/rubies/ruby-1.9.3-p374/lib/ruby/1.9.1/webrick/httpserver.rb:138:in `service'
  /Users/cu/.rvm/rubies/ruby-1.9.3-p374/lib/ruby/1.9.1/webrick/httpserver.rb:94:in `run'
  /Users/cu/.rvm/rubies/ruby-1.9.3-p374/lib/ruby/1.9.1/webrick/server.rb:191:in `block in start_thread'


